<?xml version="1.0" encoding="UTF-8"?>
<!-- Generated by org.testng.reporters.JUnitXMLReporter -->
<testsuite ignored="0" hostname="DESKTOP-AH277TJ" failures="0" tests="6" name="Default test" time="7.572" errors="0" timestamp="2025-05-21T09:47:24 IST">
  <testcase classname="test.CheckOutTest" name="testAllEmpty" time="1.425"/>
  <testcase classname="test.CheckOutTest" name="testCancelCheckOut" time="0.605"/>
  <testcase classname="test.CheckOutTest" name="testCompleteMessage" time="0.724"/>
  <testcase classname="test.CheckOutTest" name="testEmptyFirstName" time="0.701"/>
  <testcase classname="test.CheckOutTest" name="testEmptyLastName" time="0.752"/>
  <testcase classname="test.CheckOutTest" name="testEmptyPostalCode" time="0.784"/>
</testsuite> <!-- Default test -->
