<?xml version="1.0" encoding="UTF-8"?>
<!-- Generated by org.testng.reporters.JUnitXMLReporter -->
<testsuite ignored="3" hostname="DESKTOP-AH277TJ" failures="0" tests="1" name="Default test" time="9.153" errors="0" timestamp="2025-05-17T10:07:33 IST">
  <testcase classname="test.CartTest" name="isItemBackPackRemoved" time="3.753"/>
  <testcase classname="test.CartTest" name="testContinueShopping" time="0.0">
    <ignored/>
  </testcase> <!-- testContinueShopping -->
  <testcase classname="test.CartTest" name="checkItemsAddedCart" time="0.0">
    <ignored/>
  </testcase> <!-- checkItemsAddedCart -->
  <testcase classname="test.CartTest" name="testCheckOutbtn" time="0.0">
    <ignored/>
  </testcase> <!-- testCheckOutbtn -->
</testsuite> <!-- Default test -->
