<?xml version="1.0" encoding="UTF-8"?>
<!-- Generated by org.testng.reporters.JUnitXMLReporter -->
<testsuite ignored="0" hostname="DESKTOP-AH277TJ" failures="0" tests="20" name="Test" time="47.953" errors="0" timestamp="2025-05-18T10:13:32 IST">
  <testcase classname="test.LoginTest" name="LoginEmptyUser" time="0.581"/>
  <testcase classname="test.LoginTest" name="LoginInvalidTest" time="0.83"/>
  <testcase classname="test.LoginTest" name="LoginLockedoutUser" time="0.872"/>
  <testcase classname="test.LoginTest" name="LoginValidTest" time="0.845"/>
  <testcase classname="test.InventoryTest" name="testAddItemToCart" time="0.957"/>
  <testcase classname="test.InventoryTest" name="testExpectedNoOfItems" time="0.11"/>
  <testcase classname="test.InventoryTest" name="testOpenCart" time="0.184"/>
  <testcase classname="test.InventoryTest" name="testOpenProductDetails" time="0.263"/>
  <testcase classname="test.InventoryTest" name="testRemoveItemCart" time="0.846"/>
  <testcase classname="test.CartTest" name="checkItemsAddedCart" time="1.611"/>
  <testcase classname="test.CartTest" name="isItemBackPackRemoved" time="2.392"/>
  <testcase classname="test.CartTest" name="testCheckOutbtn" time="0.399"/>
  <testcase classname="test.CartTest" name="testContinueShopping" time="1.558"/>
  <testcase classname="test.CheckOutTest" name="testAllEmpty" time="2.018"/>
  <testcase classname="test.CheckOutTest" name="testCancelCheckOut" time="1.666"/>
  <testcase classname="test.CheckOutTest" name="testCompleteMessage" time="2.25"/>
  <testcase classname="test.CheckOutTest" name="testEmptyFirstName" time="2.224"/>
  <testcase classname="test.CheckOutTest" name="testEmptyLastName" time="1.992"/>
  <testcase classname="test.CheckOutTest" name="testEmptyPostalCode" time="2.351"/>
  <testcase classname="test.LogOutTest" name="testLogOut" time="1.092"/>
</testsuite> <!-- Test -->
