<?xml version="1.0" encoding="UTF-8"?>
<!-- Generated by org.testng.reporters.JUnitXMLReporter -->
<testsuite ignored="0" hostname="DESKTOP-AH277TJ" failures="0" tests="20" name="Test" time="24.594" errors="0" timestamp="2025-05-21T10:10:21 IST">
  <testcase classname="test.LoginTest" name="LoginEmptyUser" time="0.949"/>
  <testcase classname="test.LoginTest" name="LoginInvalidTest" time="0.342"/>
  <testcase classname="test.LoginTest" name="LoginLockedoutUser" time="0.313"/>
  <testcase classname="test.LoginTest" name="LoginValidTest" time="0.465"/>
  <testcase classname="test.InventoryTest" name="testAddItemToCart" time="0.37"/>
  <testcase classname="test.InventoryTest" name="testExpectedNoOfItems" time="0.112"/>
  <testcase classname="test.InventoryTest" name="testOpenCart" time="0.226"/>
  <testcase classname="test.InventoryTest" name="testOpenProductDetails" time="0.186"/>
  <testcase classname="test.InventoryTest" name="testRemoveItemCart" time="0.321"/>
  <testcase classname="test.CartTest" name="checkItemsAddedCart" time="0.646"/>
  <testcase classname="test.CartTest" name="isItemBackPackRemoved" time="1.541"/>
  <testcase classname="test.CartTest" name="testCheckOutbtn" time="0.253"/>
  <testcase classname="test.CartTest" name="testContinueShopping" time="0.581"/>
  <testcase classname="test.CheckOutTest" name="testAllEmpty" time="0.878"/>
  <testcase classname="test.CheckOutTest" name="testCancelCheckOut" time="0.613"/>
  <testcase classname="test.CheckOutTest" name="testCompleteMessage" time="0.893"/>
  <testcase classname="test.CheckOutTest" name="testEmptyFirstName" time="0.853"/>
  <testcase classname="test.CheckOutTest" name="testEmptyLastName" time="0.839"/>
  <testcase classname="test.CheckOutTest" name="testEmptyPostalCode" time="0.843"/>
  <testcase classname="test.LogOutTest" name="testLogOut" time="0.769"/>
</testsuite> <!-- Test -->
